#
# There is insufficient memory for the Java Runtime Environment to continue.
# Native memory allocation (malloc) failed to allocate 968016 bytes for Chunk::new
# Possible reasons:
#   The system is out of physical RAM or swap space
#   The process is running with CompressedOops enabled, and the Java Heap may be blocking the growth of the native heap
# Possible solutions:
#   Reduce memory load on the system
#   Increase physical memory or swap space
#   Check if swap backing store is full
#   Decrease Java heap size (-Xmx/-Xms)
#   Decrease number of Java threads
#   Decrease Java thread stack sizes (-Xss)
#   Set larger code cache with -XX:ReservedCodeCacheSize=
#   JVM is running with Unscaled Compressed Oops mode in which the Java heap is
#     placed in the first 4GB address space. The Java Heap base address is the
#     maximum limit for the native heap growth. Please use -XX:HeapBaseMinAddress
#     to set the Java Heap base and to place the Java Heap above 4GB virtual address.
# This output file may be truncated or incomplete.
#
#  Out of Memory Error (allocation.cpp:390), pid=17312, tid=0x0000000000001fd8
#
# JRE version: Java(TM) SE Runtime Environment (8.0_201-b09) (build 1.8.0_201-b09)
# Java VM: Java HotSpot(TM) 64-Bit Server VM (25.201-b09 mixed mode windows-amd64 compressed oops)
# Failed to write core dump. Minidumps are not enabled by default on client versions of Windows
#

---------------  T H R E A D  ---------------

Current thread (0x00000000187da000):  JavaThread "C2 CompilerThread1" daemon [_thread_in_native, id=8152, stack(0x0000000018ed0000,0x0000000018fd0000)]

Stack: [0x0000000018ed0000,0x0000000018fd0000]
[error occurred during error reporting (printing stack bounds), id 0xc0000005]

Native frames: (J=compiled Java code, j=interpreted, Vv=VM code, C=native code)


Current CompileTask:
C2:   6713 2871   !   4       java.net.URL::<init> (543 bytes)


---------------  P R O C E S S  ---------------

Java Threads: ( => current thread )
  0x000000001c5bd000 JavaThread "scala-execution-context-global-13" daemon [_thread_blocked, id=21120, stack(0x000000001dbf0000,0x000000001dcf0000)]
  0x000000001c5b6000 JavaThread "scala-execution-context-global-12" daemon [_thread_blocked, id=7652, stack(0x000000001daf0000,0x000000001dbf0000)]
  0x000000001c5b5000 JavaThread "scala-execution-context-global-11" daemon [_thread_blocked, id=18656, stack(0x000000001d9f0000,0x000000001daf0000)]
  0x000000001c5b2800 JavaThread "scala-execution-context-global-10" daemon [_thread_blocked, id=5524, stack(0x000000001d8f0000,0x000000001d9f0000)]
  0x0000000018866800 JavaThread "Service Thread" daemon [_thread_blocked, id=21104, stack(0x00000000190d0000,0x00000000191d0000)]
  0x00000000187ef800 JavaThread "C1 CompilerThread2" daemon [_thread_blocked, id=15532, stack(0x0000000018fd0000,0x00000000190d0000)]
=>0x00000000187da000 JavaThread "C2 CompilerThread1" daemon [_thread_in_native, id=8152, stack(0x0000000018ed0000,0x0000000018fd0000)]
  0x00000000174ca000 JavaThread "C2 CompilerThread0" daemon [_thread_in_native, id=20388, stack(0x0000000018dd0000,0x0000000018ed0000)]
  0x000000001747f800 JavaThread "Attach Listener" daemon [_thread_blocked, id=18624, stack(0x0000000018cd0000,0x0000000018dd0000)]
  0x00000000187d8800 JavaThread "Signal Dispatcher" daemon [_thread_blocked, id=15652, stack(0x0000000018bd0000,0x0000000018cd0000)]
  0x0000000002b8c000 JavaThread "Finalizer" daemon [_thread_blocked, id=8608, stack(0x00000000186d0000,0x00000000187d0000)]
  0x000000001745a800 JavaThread "Reference Handler" daemon [_thread_blocked, id=11824, stack(0x00000000185d0000,0x00000000186d0000)]
  0x0000000002a92800 JavaThread "main" [_thread_in_Java, id=18512, stack(0x0000000002960000,0x0000000002a60000)]

Other Threads:
  0x0000000017438000 VMThread [stack: 0x00000000184d0000,0x00000000185d0000] [id=15872]
  0x0000000018878800 WatcherThread [stack: 0x00000000191d0000,0x00000000192d0000] [id=18644]

VM state:not at safepoint (normal execution)

VM Mutex/Monitor currently owned by a thread: None

heap address: 0x0000000085a00000, size: 1958 MB, Compressed Oops mode: 32-bit
Narrow klass base: 0x0000000000000000, Narrow klass shift: 3
Compressed class space size: 1073741824 Address: 0x0000000100000000

Heap:
 PSYoungGen      total 48640K, used 9223K [0x00000000d7380000, 0x00000000db480000, 0x0000000100000000)
  eden space 36864K, 25% used [0x00000000d7380000,0x00000000d7c81e00,0x00000000d9780000)
  from space 11776K, 0% used [0x00000000da300000,0x00000000da300000,0x00000000dae80000)
  to   space 11776K, 0% used [0x00000000d9780000,0x00000000d9780000,0x00000000da300000)
 ParOldGen       total 66560K, used 12111K [0x0000000085a00000, 0x0000000089b00000, 0x00000000d7380000)
  object space 66560K, 18% used [0x0000000085a00000,0x00000000865d3c08,0x0000000089b00000)
 Metaspace       used 34893K, capacity 37074K, committed 37336K, reserved 1085440K
  class space    used 4561K, capacity 4721K, committed 4736K, reserved 1048576K

Card table byte_map: [0x0000000011f50000,0x0000000012330000] byte_map_base: 0x0000000011b23000

Marking Bits: (ParMarkBitMap*) 0x0000000056da4ce0
 Begin Bits: [0x00000000129c0000, 0x0000000014858000)
 End Bits:   [0x0000000014858000, 0x00000000166f0000)

Polling page: 0x0000000000df0000

CodeCache: size=245760Kb used=9262Kb max_used=9277Kb free=236497Kb
 bounds [0x0000000002b90000, 0x00000000034b0000, 0x0000000011b90000]
 total_blobs=3304 nmethods=2855 adapters=361
 compilation: enabled

Compilation events (10 events):
Event: 6.395 Thread 0x00000000187ef800 2868   !   3       java.lang.ref.Reference::tryHandlePending (115 bytes)
Event: 6.395 Thread 0x00000000174ca000 2869       4       java.lang.ref.ReferenceQueue::remove (6 bytes)
Event: 6.395 Thread 0x00000000187da000 2870   !   4       java.lang.ref.Finalizer::remove (94 bytes)
Event: 6.396 Thread 0x00000000187ef800 nmethod 2868 0x000000000349cdd0 code [0x000000000349d000, 0x000000000349dc88]
Event: 6.399 Thread 0x00000000187da000 nmethod 2870 0x000000000349b3d0 code [0x000000000349b520, 0x000000000349b7f8]
Event: 6.403 Thread 0x00000000174ca000 nmethod 2869 0x000000000349a950 code [0x000000000349aac0, 0x000000000349b050]
Event: 6.510 Thread 0x00000000187da000 2871   !   4       java.net.URL::<init> (543 bytes)
Event: 6.579 Thread 0x00000000174ca000 2872   !   4       java.lang.ClassLoader::loadClass (122 bytes)
Event: 6.637 Thread 0x00000000174ca000 nmethod 2872 0x00000000034a2e10 code [0x00000000034a30a0, 0x00000000034a5280]
Event: 6.699 Thread 0x00000000174ca000 2873   !   4       java.util.zip.ZipFile$ZipFileInflaterInputStream::close (67 bytes)

GC Heap History (10 events):
Event: 3.884 GC heap before
{Heap before GC invocations=6 (full 1):
 PSYoungGen      total 36864K, used 5094K [0x00000000d7380000, 0x00000000d9c80000, 0x0000000100000000)
  eden space 31744K, 0% used [0x00000000d7380000,0x00000000d7380000,0x00000000d9280000)
  from space 5120K, 99% used [0x00000000d9280000,0x00000000d97798f0,0x00000000d9780000)
  to   space 5120K, 0% used [0x00000000d9780000,0x00000000d9780000,0x00000000d9c80000)
 ParOldGen       total 84992K, used 13194K [0x0000000085a00000, 0x000000008ad00000, 0x00000000d7380000)
  object space 84992K, 15% used [0x0000000085a00000,0x00000000866e2bc8,0x000000008ad00000)
 Metaspace       used 20165K, capacity 21182K, committed 21248K, reserved 1067008K
  class space    used 2702K, capacity 2789K, committed 2816K, reserved 1048576K
Event: 3.929 GC heap after
Heap after GC invocations=6 (full 1):
 PSYoungGen      total 36864K, used 0K [0x00000000d7380000, 0x00000000d9c80000, 0x0000000100000000)
  eden space 31744K, 0% used [0x00000000d7380000,0x00000000d7380000,0x00000000d9280000)
  from space 5120K, 0% used [0x00000000d9280000,0x00000000d9280000,0x00000000d9780000)
  to   space 5120K, 0% used [0x00000000d9780000,0x00000000d9780000,0x00000000d9c80000)
 ParOldGen       total 66560K, used 13564K [0x0000000085a00000, 0x0000000089b00000, 0x00000000d7380000)
  object space 66560K, 20% used [0x0000000085a00000,0x000000008673f2c8,0x0000000089b00000)
 Metaspace       used 20165K, capacity 21182K, committed 21248K, reserved 1067008K
  class space    used 2702K, capacity 2789K, committed 2816K, reserved 1048576K
}
Event: 5.607 GC heap before
{Heap before GC invocations=7 (full 1):
 PSYoungGen      total 36864K, used 31744K [0x00000000d7380000, 0x00000000d9c80000, 0x0000000100000000)
  eden space 31744K, 100% used [0x00000000d7380000,0x00000000d9280000,0x00000000d9280000)
  from space 5120K, 0% used [0x00000000d9280000,0x00000000d9280000,0x00000000d9780000)
  to   space 5120K, 0% used [0x00000000d9780000,0x00000000d9780000,0x00000000d9c80000)
 ParOldGen       total 66560K, used 13564K [0x0000000085a00000, 0x0000000089b00000, 0x00000000d7380000)
  object space 66560K, 20% used [0x0000000085a00000,0x000000008673f2c8,0x0000000089b00000)
 Metaspace       used 26008K, capacity 27544K, committed 27648K, reserved 1073152K
  class space    used 3381K, capacity 3520K, committed 3584K, reserved 1048576K
Event: 5.615 GC heap after
Heap after GC invocations=7 (full 1):
 PSYoungGen      total 30208K, used 5107K [0x00000000d7380000, 0x00000000db980000, 0x0000000100000000)
  eden space 25088K, 0% used [0x00000000d7380000,0x00000000d7380000,0x00000000d8c00000)
  from space 5120K, 99% used [0x00000000d9780000,0x00000000d9c7cfa8,0x00000000d9c80000)
  to   space 11776K, 0% used [0x00000000d8c00000,0x00000000d8c00000,0x00000000d9780000)
 ParOldGen       total 66560K, used 13744K [0x0000000085a00000, 0x0000000089b00000, 0x00000000d7380000)
  object space 66560K, 20% used [0x0000000085a00000,0x000000008676c370,0x0000000089b00000)
 Metaspace       used 26008K, capacity 27544K, committed 27648K, reserved 1073152K
  class space    used 3381K, capacity 3520K, committed 3584K, reserved 1048576K
}
Event: 6.390 GC heap before
{Heap before GC invocations=8 (full 1):
 PSYoungGen      total 30208K, used 30195K [0x00000000d7380000, 0x00000000db980000, 0x0000000100000000)
  eden space 25088K, 100% used [0x00000000d7380000,0x00000000d8c00000,0x00000000d8c00000)
  from space 5120K, 99% used [0x00000000d9780000,0x00000000d9c7cfa8,0x00000000d9c80000)
  to   space 11776K, 0% used [0x00000000d8c00000,0x00000000d8c00000,0x00000000d9780000)
 ParOldGen       total 66560K, used 13744K [0x0000000085a00000, 0x0000000089b00000, 0x00000000d7380000)
  object space 66560K, 20% used [0x0000000085a00000,0x000000008676c370,0x0000000089b00000)
 Metaspace       used 32667K, capacity 34830K, committed 34944K, reserved 1079296K
  class space    used 4314K, capacity 4475K, committed 4480K, reserved 1048576K
Event: 6.395 GC heap after
Heap after GC invocations=8 (full 1):
 PSYoungGen      total 36864K, used 6055K [0x00000000d7380000, 0x00000000dae80000, 0x0000000100000000)
  eden space 25088K, 0% used [0x00000000d7380000,0x00000000d7380000,0x00000000d8c00000)
  from space 11776K, 51% used [0x00000000d8c00000,0x00000000d91e9ef0,0x00000000d9780000)
  to   space 11776K, 0% used [0x00000000da300000,0x00000000da300000,0x00000000dae80000)
 ParOldGen       total 66560K, used 13752K [0x0000000085a00000, 0x0000000089b00000, 0x00000000d7380000)
  object space 66560K, 20% used [0x0000000085a00000,0x000000008676e370,0x0000000089b00000)
 Metaspace       used 32667K, capacity 34830K, committed 34944K, reserved 1079296K
  class space    used 4314K, capacity 4475K, committed 4480K, reserved 1048576K
}
Event: 6.428 GC heap before
{Heap before GC invocations=9 (full 1):
 PSYoungGen      total 36864K, used 7387K [0x00000000d7380000, 0x00000000dae80000, 0x0000000100000000)
  eden space 25088K, 5% used [0x00000000d7380000,0x00000000d74ccee0,0x00000000d8c00000)
  from space 11776K, 51% used [0x00000000d8c00000,0x00000000d91e9ef0,0x00000000d9780000)
  to   space 11776K, 0% used [0x00000000da300000,0x00000000da300000,0x00000000dae80000)
 ParOldGen       total 66560K, used 13752K [0x0000000085a00000, 0x0000000089b00000, 0x00000000d7380000)
  object space 66560K, 20% used [0x0000000085a00000,0x000000008676e370,0x0000000089b00000)
 Metaspace       used 33124K, capacity 35278K, committed 35416K, reserved 1081344K
  class space    used 4382K, capacity 4539K, committed 4608K, reserved 1048576K
Event: 6.431 GC heap after
Heap after GC invocations=9 (full 1):
 PSYoungGen      total 48640K, used 2610K [0x00000000d7380000, 0x00000000db480000, 0x0000000100000000)
  eden space 36864K, 0% used [0x00000000d7380000,0x00000000d7380000,0x00000000d9780000)
  from space 11776K, 22% used [0x00000000da300000,0x00000000da58caf0,0x00000000dae80000)
  to   space 11776K, 0% used [0x00000000d9780000,0x00000000d9780000,0x00000000da300000)
 ParOldGen       total 66560K, used 13760K [0x0000000085a00000, 0x0000000089b00000, 0x00000000d7380000)
  object space 66560K, 20% used [0x0000000085a00000,0x0000000086770370,0x0000000089b00000)
 Metaspace       used 33124K, capacity 35278K, committed 35416K, reserved 1081344K
  class space    used 4382K, capacity 4539K, committed 4608K, reserved 1048576K
}
Event: 6.431 GC heap before
{Heap before GC invocations=10 (full 2):
 PSYoungGen      total 48640K, used 2610K [0x00000000d7380000, 0x00000000db480000, 0x0000000100000000)
  eden space 36864K, 0% used [0x00000000d7380000,0x00000000d7380000,0x00000000d9780000)
  from space 11776K, 22% used [0x00000000da300000,0x00000000da58caf0,0x00000000dae80000)
  to   space 11776K, 0% used [0x00000000d9780000,0x00000000d9780000,0x00000000da300000)
 ParOldGen       total 66560K, used 13760K [0x0000000085a00000, 0x0000000089b00000, 0x00000000d7380000)
  object space 66560K, 20% used [0x0000000085a00000,0x0000000086770370,0x0000000089b00000)
 Metaspace       used 33124K, capacity 35278K, committed 35416K, reserved 1081344K
  class space    used 4382K, capacity 4539K, committed 4608K, reserved 1048576K
Event: 6.489 GC heap after
Heap after GC invocations=10 (full 2):
 PSYoungGen      total 48640K, used 0K [0x00000000d7380000, 0x00000000db480000, 0x0000000100000000)
  eden space 36864K, 0% used [0x00000000d7380000,0x00000000d7380000,0x00000000d9780000)
  from space 11776K, 0% used [0x00000000da300000,0x00000000da300000,0x00000000dae80000)
  to   space 11776K, 0% used [0x00000000d9780000,0x00000000d9780000,0x00000000da300000)
 ParOldGen       total 66560K, used 12111K [0x0000000085a00000, 0x0000000089b00000, 0x00000000d7380000)
  object space 66560K, 18% used [0x0000000085a00000,0x00000000865d3c08,0x0000000089b00000)
 Metaspace       used 33100K, capacity 35218K, committed 35416K, reserved 1081344K
  class space    used 4374K, capacity 4529K, committed 4608K, reserved 1048576K
}

Deoptimization events (10 events):
Event: 5.862 Thread 0x0000000002a92800 Uncommon trap: reason=class_check action=maybe_recompile pc=0x0000000002ccb18c method=java.io.FilterInputStream.read([B)I @ 5
Event: 5.863 Thread 0x0000000002a92800 Uncommon trap: reason=class_check action=maybe_recompile pc=0x0000000002ccb18c method=java.io.FilterInputStream.read([B)I @ 5
Event: 5.863 Thread 0x0000000002a92800 Uncommon trap: reason=class_check action=maybe_recompile pc=0x0000000002ccb18c method=java.io.FilterInputStream.read([B)I @ 5
Event: 5.863 Thread 0x0000000002a92800 Uncommon trap: reason=class_check action=maybe_recompile pc=0x0000000002ccb18c method=java.io.FilterInputStream.read([B)I @ 5
Event: 6.006 Thread 0x0000000002a92800 Uncommon trap: reason=unstable_if action=reinterpret pc=0x00000000033ebe28 method=java.util.jar.JarFile.maybeInstantiateVerifier()V @ 4
Event: 6.212 Thread 0x0000000002a92800 Uncommon trap: reason=class_check action=maybe_recompile pc=0x00000000034267cc method=scala.runtime.BoxesRunTime.equals2(Ljava/lang/Object;Ljava/lang/Object;)Z @ 8
Event: 6.212 Thread 0x0000000002a92800 Uncommon trap: reason=class_check action=maybe_recompile pc=0x00000000034267cc method=scala.runtime.BoxesRunTime.equals2(Ljava/lang/Object;Ljava/lang/Object;)Z @ 8
Event: 6.212 Thread 0x0000000002a92800 Uncommon trap: reason=class_check action=maybe_recompile pc=0x00000000034267cc method=scala.runtime.BoxesRunTime.equals2(Ljava/lang/Object;Ljava/lang/Object;)Z @ 8
Event: 6.212 Thread 0x0000000002a92800 Uncommon trap: reason=class_check action=maybe_recompile pc=0x00000000034267cc method=scala.runtime.BoxesRunTime.equals2(Ljava/lang/Object;Ljava/lang/Object;)Z @ 8
Event: 6.395 Thread 0x000000001745a800 Uncommon trap: reason=unstable_if action=reinterpret pc=0x00000000033ed7b8 method=java.lang.ref.Reference.tryHandlePending(Z)Z @ 20

Classes redefined (0 events):
No events

Internal exceptions (10 events):
Event: 6.269 Thread 0x0000000002a92800 Exception <a 'java/lang/NoSuchMethodError': java.lang.Object.$anonfun$YprofileRunGcBetweenPhases$1$adapted(Lscala/tools/nsc/settings/ScalaSettings;Lscala/tools/nsc/settings/MutableSettings$PhasesSetting;)Ljava/lang/Object;> (0x00000000d8755880) thrown at 
Event: 6.270 Thread 0x0000000002a92800 Exception <a 'java/lang/NoSuchMethodError': java.lang.Object.$anonfun$YpatmatExhaustdepth$1(Ljava/lang/String;)Lscala/Some;> (0x00000000d875b8c0) thrown at [C:\re\workspace\8-2-build-windows-amd64-cygwin\jdk8u201\12322\hotspot\src\share\vm\interpreter\lin
Event: 6.271 Thread 0x0000000002a92800 Exception <a 'java/lang/NoSuchMethodError': java.lang.Object.$anonfun$optimise$1$adapted(Lscala/tools/nsc/settings/ScalaSettings;Lscala/tools/nsc/settings/MutableSettings$BooleanSetting;)Ljava/lang/Object;> (0x00000000d8766e98) thrown at [C:\re\workspace\
Event: 6.272 Thread 0x0000000002a92800 Exception <a 'java/lang/NoSuchMethodError': java.lang.Object.$anonfun$YpresentationDelay$1(Ljava/lang/String;)Lscala/Some;> (0x00000000d876d9d8) thrown at [C:\re\workspace\8-2-build-windows-amd64-cygwin\jdk8u201\12322\hotspot\src\share\vm\interpreter\link
Event: 6.279 Thread 0x0000000002a92800 Exception <a 'java/lang/NoSuchMethodError': java.lang.Object.$anonfun$lookupSetting$1$adapted(Ljava/lang/String;Lscala/tools/nsc/settings/AbsSettings$AbsSetting;)Ljava/lang/Object;> (0x00000000d87a05f0) thrown at [C:\re\workspace\8-2-build-windows-amd64-c
Event: 6.282 Thread 0x0000000002a92800 Exception <a 'java/lang/NoSuchMethodError': java.lang.Object.$anonfun$indexWhere$1$adapted(Lscala/Function1;Ljava/lang/Object;)Ljava/lang/Object;> (0x00000000d87b4ef8) thrown at [C:\re\workspace\8-2-build-windows-amd64-cygwin\jdk8u201\12322\hotspot\src\sh
Event: 6.293 Thread 0x0000000002a92800 Exception <a 'java/lang/NoSuchMethodError': java.lang.Object.$anonfun$visibleSettings$1$adapted(Lscala/tools/nsc/settings/AbsSettings$AbsSetting;)Ljava/lang/Object;> (0x00000000d87edfb0) thrown at [C:\re\workspace\8-2-build-windows-amd64-cygwin\jdk8u201\1
Event: 6.294 Thread 0x0000000002a92800 Exception <a 'java/lang/NoSuchMethodError': java.lang.Object.$anonfun$filterNot$1$adapted(Lscala/Function1;Ljava/lang/Object;)Ljava/lang/Object;> (0x00000000d87f2968) thrown at [C:\re\workspace\8-2-build-windows-amd64-cygwin\jdk8u201\12322\hotspot\src\sha
Event: 6.296 Thread 0x0000000002a92800 Exception <a 'java/lang/NoSuchMethodError': java.lang.Object.$anonfun$checkDependencies$1$adapted(Lscala/tools/nsc/settings/AbsSettings$AbsSetting;)Ljava/lang/Object;> (0x00000000d87f7668) thrown at [C:\re\workspace\8-2-build-windows-amd64-cygwin\jdk8u201
Event: 6.297 Thread 0x0000000002a92800 Exception <a 'java/lang/NoSuchMethodError': java.lang.Object.$anonfun$checkDependencies$2$adapted(Lscala/tools/nsc/settings/AbsSettings;Lscala/tools/nsc/settings/AbsSettings$AbsSetting;)Ljava/lang/Object;> (0x00000000d87fbc60) thrown at [C:\re\workspace\8

Events (10 events):
Event: 6.710 loading class scala/reflect/api/Trees$UnApplyApi
Event: 6.710 loading class scala/reflect/api/Trees$UnApplyApi done
Event: 6.710 loading class scala/reflect/api/Trees$ExistentialTypeTreeApi
Event: 6.710 loading class scala/reflect/api/Trees$ExistentialTypeTreeApi done
Event: 6.710 loading class scala/reflect/api/Trees$SelectFromTypeTreeApi
Event: 6.710 loading class scala/reflect/api/Trees$SelectFromTypeTreeApi done
Event: 6.711 loading class scala/reflect/api/Trees$SingletonTypeTreeApi
Event: 6.711 loading class scala/reflect/api/Trees$SingletonTypeTreeApi done
Event: 6.711 loading class scala/reflect/api/Trees$AnnotatedApi
Event: 6.711 loading class scala/reflect/api/Trees$AnnotatedApi done


Dynamic libraries:
0x00007ff61a5d0000 - 0x00007ff61a607000 	C:\Program Files\Java\jdk1.8.0_201\jre\bin\java.exe
0x00007ffd51270000 - 0x00007ffd5145d000 	C:\windows\SYSTEM32\ntdll.dll
0x00007ffd51110000 - 0x00007ffd511c3000 	C:\windows\System32\KERNEL32.DLL
0x00007ffd4de40000 - 0x00007ffd4e0d3000 	C:\windows\System32\KERNELBASE.dll
0x00007ffd4f010000 - 0x00007ffd4f0b3000 	C:\windows\System32\ADVAPI32.dll
0x00007ffd4fa10000 - 0x00007ffd4faae000 	C:\windows\System32\msvcrt.dll
0x00007ffd4ea10000 - 0x00007ffd4eaae000 	C:\windows\System32\sechost.dll
0x00007ffd4f120000 - 0x00007ffd4f242000 	C:\windows\System32\RPCRT4.dll
0x00007ffd4e870000 - 0x00007ffd4ea07000 	C:\windows\System32\USER32.dll
0x00007ffd4e290000 - 0x00007ffd4e2b0000 	C:\windows\System32\win32u.dll
0x00007ffd4eb70000 - 0x00007ffd4eb99000 	C:\windows\System32\GDI32.dll
0x00007ffd4db20000 - 0x00007ffd4dcb9000 	C:\windows\System32\gdi32full.dll
0x00007ffd4dcf0000 - 0x00007ffd4dd90000 	C:\windows\System32\msvcp_win.dll
0x00007ffd4e190000 - 0x00007ffd4e28a000 	C:\windows\System32\ucrtbase.dll
0x00007ffd3c880000 - 0x00007ffd3caf9000 	C:\windows\WinSxS\amd64_microsoft.windows.common-controls_6595b64144ccf1df_6.0.17763.914_none_05b346b2072102f2\COMCTL32.dll
0x00007ffd4e490000 - 0x00007ffd4e7bc000 	C:\windows\System32\combase.dll
0x00007ffd4daa0000 - 0x00007ffd4db1e000 	C:\windows\System32\bcryptPrimitives.dll
0x00007ffd4eab0000 - 0x00007ffd4eade000 	C:\windows\System32\IMM32.DLL
0x0000000056e30000 - 0x0000000056f01000 	C:\Program Files\Java\jdk1.8.0_201\jre\bin\msvcr100.dll
0x0000000056580000 - 0x0000000056e24000 	C:\Program Files\Java\jdk1.8.0_201\jre\bin\server\jvm.dll
0x00007ffd4eb00000 - 0x00007ffd4eb08000 	C:\windows\System32\PSAPI.DLL
0x00007ffd49300000 - 0x00007ffd49324000 	C:\windows\SYSTEM32\WINMM.dll
0x00007ffd45b60000 - 0x00007ffd45b6a000 	C:\windows\SYSTEM32\VERSION.dll
0x00007ffd38030000 - 0x00007ffd38039000 	C:\windows\SYSTEM32\WSOCK32.dll
0x00007ffd511d0000 - 0x00007ffd5123d000 	C:\windows\System32\WS2_32.dll
0x00007ffd492d0000 - 0x00007ffd492fd000 	C:\windows\SYSTEM32\winmmbase.dll
0x00007ffd4ddf0000 - 0x00007ffd4de3a000 	C:\windows\System32\cfgmgr32.dll
0x00007ffd48940000 - 0x00007ffd4894f000 	C:\Program Files\Java\jdk1.8.0_201\jre\bin\verify.dll
0x00007ffd43560000 - 0x00007ffd43589000 	C:\Program Files\Java\jdk1.8.0_201\jre\bin\java.dll
0x00007ffd43bd0000 - 0x00007ffd43be6000 	C:\Program Files\Java\jdk1.8.0_201\jre\bin\zip.dll
0x00007ffd4fbb0000 - 0x00007ffd510a4000 	C:\windows\System32\SHELL32.dll
0x00007ffd4e7c0000 - 0x00007ffd4e868000 	C:\windows\System32\shcore.dll
0x00007ffd4d350000 - 0x00007ffd4da9d000 	C:\windows\System32\windows.storage.dll
0x00007ffd4d2a0000 - 0x00007ffd4d2c4000 	C:\windows\System32\profapi.dll
0x00007ffd4d2d0000 - 0x00007ffd4d32d000 	C:\windows\System32\powrprof.dll
0x00007ffd510b0000 - 0x00007ffd51102000 	C:\windows\System32\shlwapi.dll
0x00007ffd4d260000 - 0x00007ffd4d271000 	C:\windows\System32\kernel.appcore.dll
0x00007ffd4d330000 - 0x00007ffd4d347000 	C:\windows\System32\cryptsp.dll
0x00007ffd43ad0000 - 0x00007ffd43aea000 	C:\Program Files\Java\jdk1.8.0_201\jre\bin\net.dll
0x00007ffd3f480000 - 0x00007ffd3f657000 	C:\windows\SYSTEM32\urlmon.dll
0x00007ffd3f900000 - 0x00007ffd3fba8000 	C:\windows\SYSTEM32\iertutil.dll
0x00007ffd4cc00000 - 0x00007ffd4cc0c000 	C:\windows\SYSTEM32\CRYPTBASE.DLL
0x00007ffd4ca80000 - 0x00007ffd4cae7000 	C:\windows\system32\mswsock.dll
0x00007ffd43500000 - 0x00007ffd43511000 	C:\Program Files\Java\jdk1.8.0_201\jre\bin\nio.dll
0x00007ffd4c610000 - 0x00007ffd4c643000 	C:\windows\system32\rsaenh.dll
0x00007ffd4dcc0000 - 0x00007ffd4dce6000 	C:\windows\System32\bcrypt.dll
0x00007ffd4d160000 - 0x00007ffd4d188000 	C:\windows\SYSTEM32\USERENV.dll
0x00007ffd4c7b0000 - 0x00007ffd4c7ed000 	C:\windows\SYSTEM32\IPHLPAPI.DLL
0x00007ffd4f3b0000 - 0x00007ffd4f3b8000 	C:\windows\System32\NSI.dll
0x00007ffd41da0000 - 0x00007ffd41db6000 	C:\windows\SYSTEM32\dhcpcsvc6.DLL
0x00007ffd41e90000 - 0x00007ffd41eac000 	C:\windows\SYSTEM32\dhcpcsvc.DLL
0x00007ffd4c7f0000 - 0x00007ffd4c8b6000 	C:\windows\SYSTEM32\DNSAPI.dll
0x00007ffd3dd20000 - 0x00007ffd3dd62000 	C:\Users\Administrator\AppData\Local\Temp\jna-146731693\jna441793791793425151.dll
0x000000006fd00000 - 0x000000006fd07000 	C:\Users\Administrator\AppData\Local\Temp\swoval-jni\3375444259342666934-swoval-files0.dll

VM Arguments:
jvm_args: -Djdk.net.URLClassPath.disableClassPathURLCheck=true 
java_command: C:\Users\Administrator\AppData\Local\Temp\gatlingbooter766672863291173290.jar io.gatling.compiler.ZincCompiler C:\Users\Administrator\AppData\Local\Temp\gatling-maven-plugin-5756450170491918253.args
java_class_path (initial): C:\Users\Administrator\AppData\Local\Temp\gatlingbooter766672863291173290.jar
Launcher Type: SUN_STANDARD

Environment Variables:
JAVA_HOME=D:\tools\IDE\IntelliJ IDEA 2019.1.2\jre64
PATH=C:\Program Files (x86)\Common Files\Oracle\Java\javapath;C:\windows\system32;C:\windows;C:\windows\System32\Wbem;C:\windows\System32\WindowsPowerShell\v1.0\;C:\windows\System32\OpenSSH\;D:\andriod\android-sdk-windows\tools;D:\andriod\android-sdk-windows\platform-tools;D:\andriod\android-sdk-windows\build-tools\28.0.3;D:\tools\IDE\IntelliJ IDEA 2019.1.2\jre64\bin;C:\Users\Administrator\AppData\Local\Programs\Python\Python37;C:\Users\Administrator\AppData\Local\Programs\Python\Python37\Scripts;D:\git\Git\cmd;D:\DB\mysql-5.7.27-winx64\bin;D:\tools\IDE\IntelliJ IDEA 2019.1.2\plugins\maven\lib\maven3\bin;;C:\Android;C:\Windows\System32;C:\Program Files (x86)\scala\bin;C:\Users\Administrator\AppData\Local\Microsoft\WindowsApps;D:\工具\抓包\Fiddler;D:\tools\IDE\IntelliJ IDEA 2019.1.2\bin;C:\Users\Administrator\fuckPython\PyCharm Community Edition 2019.1.3\bin;C:\Users\Administrator\AppData\Local\BypassRuntm
USERNAME=Administrator
OS=Windows_NT
PROCESSOR_IDENTIFIER=Intel64 Family 6 Model 142 Stepping 9, GenuineIntel



---------------  S Y S T E M  ---------------

OS: Windows 10.0 , 64 bit Build 17763 (10.0.17763.475)

CPU:total 4 (initial active 4) (2 cores per cpu, 2 threads per core) family 6 model 142 stepping 9, cmov, cx8, fxsr, mmx, sse, sse2, sse3, ssse3, sse4.1, sse4.2, popcnt, avx, avx2, aes, clmul, erms, 3dnowpref, lzcnt, ht, tsc, tscinvbit, bmi1, bmi2, adx

Memory: 4k page, physical 8011828k(698516k free), swap 20811824k(5336k free)

vm_info: Java HotSpot(TM) 64-Bit Server VM (25.201-b09) for windows-amd64 JRE (1.8.0_201-b09), built on Dec 15 2018 18:36:39 by "java_re" with MS VC++ 10.0 (VS2010)

time: Tue Jan 14 16:55:01 2020
timezone: 中国标准时间
elapsed time: 6 seconds (0d 0h 0m 6s)

